===20161219-171518,rop_GetHash_one_field[1117]===  记录.txt || 记录.txt

===20161219-171518,rop_GetHash_one_field[1117]===  Mon Dec 19 16:27:33 2016
 || Mon Dec 19 16:27:33 2016


===20161219-171518,rop_GetHash_one_field[1117]===  歌单.txt || 歌单.txt

===20161219-171518,rop_GetHash_one_field[1117]===  Mon Dec 19 16:27:27 2016
 || Mon Dec 19 16:27:27 2016


===20161219-171518,rop_GetHash_one_field[1117]===  1500词.txt || 1500词.txt

===20161219-171518,rop_GetHash_one_field[1117]===  Mon Dec 19 16:27:15 2016
 || Mon Dec 19 16:27:15 2016


===20161219-171531,rop_GetHash_one_field[1117]===  记录.txt || 记录.txt

===20161219-171531,rop_GetHash_one_field[1117]===  Mon Dec 19 16:27:33 2016
 || Mon Dec 19 16:27:33 2016


===20161219-171531,rop_GetHash_one_field[1117]===  歌单.txt || 歌单.txt

===20161219-171531,rop_GetHash_one_field[1117]===  Mon Dec 19 16:27:27 2016
 || Mon Dec 19 16:27:27 2016


===20161219-171531,rop_GetHash_one_field[1117]===  1500词.txt || 1500词.txt

===20161219-171531,rop_GetHash_one_field[1117]===  Mon Dec 19 16:27:15 2016
 || Mon Dec 19 16:27:15 2016


===20161219-171841,rop_GetHash_one_field[1117]===  记录.txt || 记录.txt

===20161219-171841,rop_GetHash_one_field[1117]===  Mon Dec 19 16:27:33 2016
 || Mon Dec 19 16:27:33 2016


===20161219-171841,rop_GetHash_one_field[1117]===  歌单.txt || 歌单.txt

===20161219-171841,rop_GetHash_one_field[1117]===  Mon Dec 19 16:27:27 2016
 || Mon Dec 19 16:27:27 2016


===20161219-171841,rop_GetHash_one_field[1117]===  1500词.txt || 1500词.txt

===20161219-171841,rop_GetHash_one_field[1117]===  Mon Dec 19 16:27:15 2016
 || Mon Dec 19 16:27:15 2016


===20161219-171925,rop_GetHash_one_field[1117]===  记录.txt || 记录.txt

===20161219-171925,rop_GetHash_one_field[1117]===  Mon Dec 19 16:27:33 2016
 || Mon Dec 19 16:27:33 2016


===20161219-171925,rop_GetHash_one_field[1117]===  歌单.txt || 歌单.txt

===20161219-171925,rop_GetHash_one_field[1117]===  Mon Dec 19 16:27:27 2016
 || Mon Dec 19 16:27:27 2016


===20161219-171925,rop_GetHash_one_field[1117]===  1500词.txt || 1500词.txt

===20161219-171925,rop_GetHash_one_field[1117]===  Mon Dec 19 16:27:15 2016
 || Mon Dec 19 16:27:15 2016


===20161219-172226,rop_GetHash_one_field[1117]===  记录.txt || 记录.txt

===20161219-172226,rop_GetHash_one_field[1117]===  Mon Dec 19 16:27:33 2016
 || Mon Dec 19 16:27:33 2016


===20161219-172226,rop_GetHash_one_field[1117]===  歌单.txt || 歌单.txt

===20161219-172226,rop_GetHash_one_field[1117]===  Mon Dec 19 16:27:27 2016
 || Mon Dec 19 16:27:27 2016


===20161219-172226,rop_GetHash_one_field[1117]===  1500词.txt || 1500词.txt

===20161219-172226,rop_GetHash_one_field[1117]===  Mon Dec 19 16:27:15 2016
 || Mon Dec 19 16:27:15 2016


===20161219-172235,rop_GetHash_one_field[1117]===  记录.txt || 记录.txt

===20161219-172235,rop_GetHash_one_field[1117]===  Mon Dec 19 16:27:33 2016
 || Mon Dec 19 16:27:33 2016


===20161219-172235,rop_GetHash_one_field[1117]===  歌单.txt || 歌单.txt

===20161219-172235,rop_GetHash_one_field[1117]===  Mon Dec 19 16:27:27 2016
 || Mon Dec 19 16:27:27 2016


===20161219-172235,rop_GetHash_one_field[1117]===  1500词.txt || 1500词.txt

===20161219-172235,rop_GetHash_one_field[1117]===  Mon Dec 19 16:27:15 2016
 || Mon Dec 19 16:27:15 2016


===20161219-172915,rop_GetHash_one_field[1117]===  记录.txt || 记录.txt

===20161219-172915,rop_GetHash_one_field[1117]===  Mon Dec 19 16:27:33 2016
 || Mon Dec 19 16:27:33 2016


===20161219-172915,rop_GetHash_one_field[1117]===  歌单.txt || 歌单.txt

===20161219-172915,rop_GetHash_one_field[1117]===  Mon Dec 19 16:27:27 2016
 || Mon Dec 19 16:27:27 2016


===20161219-172915,rop_GetHash_one_field[1117]===  1500词.txt || 1500词.txt

===20161219-172915,rop_GetHash_one_field[1117]===  Mon Dec 19 16:27:15 2016
 || Mon Dec 19 16:27:15 2016


===20161219-183536,rop_GetHash_one_field[1117]===  记录.txt || 记录.txt

===20161219-183536,rop_GetHash_one_field[1117]===  Mon Dec 19 16:27:33 2016
 || Mon Dec 19 16:27:33 2016


===20161219-183536,rop_GetHash_one_field[1117]===  歌单.txt || 歌单.txt

===20161219-183536,rop_GetHash_one_field[1117]===  Mon Dec 19 16:27:27 2016
 || Mon Dec 19 16:27:27 2016


===20161219-183536,rop_GetHash_one_field[1117]===  1500词.txt || 1500词.txt

===20161219-183536,rop_GetHash_one_field[1117]===  Mon Dec 19 16:27:15 2016
 || Mon Dec 19 16:27:15 2016


===20161219-183648,rop_GetHash_one_field[1117]===  nginx安装.txt || nginx安装.txt

===20161219-183648,rop_GetHash_one_field[1117]===  Mon Dec 19 18:36:38 2016
 || Mon Dec 19 18:36:38 2016


===20161219-183648,rop_GetHash_one_field[1117]===  记录.txt || 记录.txt

===20161219-183648,rop_GetHash_one_field[1117]===  Mon Dec 19 16:27:33 2016
 || Mon Dec 19 16:27:33 2016


===20161219-183648,rop_GetHash_one_field[1117]===  歌单.txt || 歌单.txt

===20161219-183648,rop_GetHash_one_field[1117]===  Mon Dec 19 16:27:27 2016
 || Mon Dec 19 16:27:27 2016


===20161219-183648,rop_GetHash_one_field[1117]===  1500词.txt || 1500词.txt

===20161219-183648,rop_GetHash_one_field[1117]===  Mon Dec 19 16:27:15 2016
 || Mon Dec 19 16:27:15 2016


===20161219-183806,rop_GetHash_one_field[1117]===  nginx安装.txt || nginx安装.txt

===20161219-183806,rop_GetHash_one_field[1117]===  Mon Dec 19 18:36:38 2016
 || Mon Dec 19 18:36:38 2016


===20161219-183806,rop_GetHash_one_field[1117]===  记录.txt || 记录.txt

===20161219-183806,rop_GetHash_one_field[1117]===  Mon Dec 19 16:27:33 2016
 || Mon Dec 19 16:27:33 2016


===20161219-183806,rop_GetHash_one_field[1117]===  歌单.txt || 歌单.txt

===20161219-183806,rop_GetHash_one_field[1117]===  Mon Dec 19 16:27:27 2016
 || Mon Dec 19 16:27:27 2016


===20161219-183806,rop_GetHash_one_field[1117]===  1500词.txt || 1500词.txt

===20161219-183806,rop_GetHash_one_field[1117]===  Mon Dec 19 16:27:15 2016
 || Mon Dec 19 16:27:15 2016


===20161219-185137,rop_GetHash_one_field[1117]===  nginx安装.txt || nginx安装.txt

===20161219-185137,rop_GetHash_one_field[1117]===  Mon Dec 19 18:36:38 2016
 || Mon Dec 19 18:36:38 2016


===20161219-185137,rop_GetHash_one_field[1117]===  记录.txt || 记录.txt

===20161219-185137,rop_GetHash_one_field[1117]===  Mon Dec 19 16:27:33 2016
 || Mon Dec 19 16:27:33 2016


===20161219-185137,rop_GetHash_one_field[1117]===  歌单.txt || 歌单.txt

===20161219-185137,rop_GetHash_one_field[1117]===  Mon Dec 19 16:27:27 2016
 || Mon Dec 19 16:27:27 2016


===20161219-185137,rop_GetHash_one_field[1117]===  1500词.txt || 1500词.txt

===20161219-185137,rop_GetHash_one_field[1117]===  Mon Dec 19 16:27:15 2016
 || Mon Dec 19 16:27:15 2016


===20161219-185402,rop_GetHash_one_field[1117]===  张凯.jpg || 张凯.jpg

===20161219-185402,rop_GetHash_one_field[1117]===  Mon Dec 19 18:53:49 2016
 || Mon Dec 19 18:53:49 2016


===20161219-185402,rop_GetHash_one_field[1117]===  nginx安装.txt || nginx安装.txt

===20161219-185402,rop_GetHash_one_field[1117]===  Mon Dec 19 18:36:38 2016
 || Mon Dec 19 18:36:38 2016


===20161219-185402,rop_GetHash_one_field[1117]===  记录.txt || 记录.txt

===20161219-185402,rop_GetHash_one_field[1117]===  Mon Dec 19 16:27:33 2016
 || Mon Dec 19 16:27:33 2016


===20161219-185402,rop_GetHash_one_field[1117]===  歌单.txt || 歌单.txt

===20161219-185402,rop_GetHash_one_field[1117]===  Mon Dec 19 16:27:27 2016
 || Mon Dec 19 16:27:27 2016


===20161219-185402,rop_GetHash_one_field[1117]===  1500词.txt || 1500词.txt

===20161219-185402,rop_GetHash_one_field[1117]===  Mon Dec 19 16:27:15 2016
 || Mon Dec 19 16:27:15 2016


===20161219-185738,rop_GetHash_one_field[1117]===  张凯.jpg || 张凯.jpg

===20161219-185738,rop_GetHash_one_field[1117]===  Mon Dec 19 18:53:49 2016
 || Mon Dec 19 18:53:49 2016


===20161219-185738,rop_GetHash_one_field[1117]===  nginx安装.txt || nginx安装.txt

===20161219-185738,rop_GetHash_one_field[1117]===  Mon Dec 19 18:36:38 2016
 || Mon Dec 19 18:36:38 2016


===20161219-185738,rop_GetHash_one_field[1117]===  记录.txt || 记录.txt

===20161219-185738,rop_GetHash_one_field[1117]===  Mon Dec 19 16:27:33 2016
 || Mon Dec 19 16:27:33 2016


===20161219-185738,rop_GetHash_one_field[1117]===  歌单.txt || 歌单.txt

===20161219-185738,rop_GetHash_one_field[1117]===  Mon Dec 19 16:27:27 2016
 || Mon Dec 19 16:27:27 2016


===20161219-185738,rop_GetHash_one_field[1117]===  1500词.txt || 1500词.txt

===20161219-185738,rop_GetHash_one_field[1117]===  Mon Dec 19 16:27:15 2016
 || Mon Dec 19 16:27:15 2016


===20161219-191818,rop_GetHash_one_field[1117]===  记录.txt || 记录.txt

===20161219-191818,rop_GetHash_one_field[1117]===  Mon Dec 19 19:18:12 2016
 || Mon Dec 19 19:18:12 2016


===20161219-191818,rop_GetHash_one_field[1117]===  歌单.txt || 歌单.txt

===20161219-191818,rop_GetHash_one_field[1117]===  Mon Dec 19 19:18:05 2016
 || Mon Dec 19 19:18:05 2016


===20161219-191818,rop_GetHash_one_field[1117]===  1500词.txt || 1500词.txt

===20161219-191818,rop_GetHash_one_field[1117]===  Mon Dec 19 19:17:58 2016
 || Mon Dec 19 19:17:58 2016


===20161219-191818,rop_GetHash_one_field[1117]===  张凯.jpg || 张凯.jpg

===20161219-191818,rop_GetHash_one_field[1117]===  Mon Dec 19 19:17:47 2016
 || Mon Dec 19 19:17:47 2016


===20161219-191818,rop_GetHash_one_field[1117]===  vim.jpg || vim.jpg

===20161219-191818,rop_GetHash_one_field[1117]===  Mon Dec 19 19:17:35 2016
 || Mon Dec 19 19:17:35 2016


===20161219-191853,rop_GetHash_one_field[1117]===  记录.txt || 记录.txt

===20161219-191853,rop_GetHash_one_field[1117]===  Mon Dec 19 19:18:12 2016
 || Mon Dec 19 19:18:12 2016


===20161219-191853,rop_GetHash_one_field[1117]===  歌单.txt || 歌单.txt

===20161219-191853,rop_GetHash_one_field[1117]===  Mon Dec 19 19:18:05 2016
 || Mon Dec 19 19:18:05 2016


===20161219-191853,rop_GetHash_one_field[1117]===  1500词.txt || 1500词.txt

===20161219-191853,rop_GetHash_one_field[1117]===  Mon Dec 19 19:17:58 2016
 || Mon Dec 19 19:17:58 2016


===20161219-191853,rop_GetHash_one_field[1117]===  张凯.jpg || 张凯.jpg

===20161219-191853,rop_GetHash_one_field[1117]===  Mon Dec 19 19:17:47 2016
 || Mon Dec 19 19:17:47 2016


===20161219-191853,rop_GetHash_one_field[1117]===  vim.jpg || vim.jpg

===20161219-191853,rop_GetHash_one_field[1117]===  Mon Dec 19 19:17:35 2016
 || Mon Dec 19 19:17:35 2016


===20161219-192731,rop_GetHash_one_field[1117]===  记录.txt || 记录.txt

===20161219-192731,rop_GetHash_one_field[1117]===  Mon Dec 19 19:18:12 2016
 || Mon Dec 19 19:18:12 2016


===20161219-192731,rop_GetHash_one_field[1117]===  歌单.txt || 歌单.txt

===20161219-192731,rop_GetHash_one_field[1117]===  Mon Dec 19 19:18:05 2016
 || Mon Dec 19 19:18:05 2016


===20161219-192731,rop_GetHash_one_field[1117]===  1500词.txt || 1500词.txt

===20161219-192731,rop_GetHash_one_field[1117]===  Mon Dec 19 19:17:58 2016
 || Mon Dec 19 19:17:58 2016


===20161219-192731,rop_GetHash_one_field[1117]===  张凯.jpg || 张凯.jpg

===20161219-192731,rop_GetHash_one_field[1117]===  Mon Dec 19 19:17:47 2016
 || Mon Dec 19 19:17:47 2016


===20161219-192731,rop_GetHash_one_field[1117]===  vim.jpg || vim.jpg

===20161219-192731,rop_GetHash_one_field[1117]===  Mon Dec 19 19:17:35 2016
 || Mon Dec 19 19:17:35 2016


===20161219-192738,rop_GetHash_one_field[1117]===  记录.txt || 记录.txt

===20161219-192738,rop_GetHash_one_field[1117]===  Mon Dec 19 19:18:12 2016
 || Mon Dec 19 19:18:12 2016


===20161219-192738,rop_GetHash_one_field[1117]===  歌单.txt || 歌单.txt

===20161219-192738,rop_GetHash_one_field[1117]===  Mon Dec 19 19:18:05 2016
 || Mon Dec 19 19:18:05 2016


===20161219-192738,rop_GetHash_one_field[1117]===  1500词.txt || 1500词.txt

===20161219-192738,rop_GetHash_one_field[1117]===  Mon Dec 19 19:17:58 2016
 || Mon Dec 19 19:17:58 2016


===20161219-192738,rop_GetHash_one_field[1117]===  张凯.jpg || 张凯.jpg

===20161219-192738,rop_GetHash_one_field[1117]===  Mon Dec 19 19:17:47 2016
 || Mon Dec 19 19:17:47 2016


===20161219-192738,rop_GetHash_one_field[1117]===  vim.jpg || vim.jpg

===20161219-192738,rop_GetHash_one_field[1117]===  Mon Dec 19 19:17:35 2016
 || Mon Dec 19 19:17:35 2016


===20161219-193133,rop_GetHash_one_field[1117]===  记录.txt || 记录.txt

===20161219-193133,rop_GetHash_one_field[1117]===  Mon Dec 19 19:18:12 2016
 || Mon Dec 19 19:18:12 2016


===20161219-193133,rop_GetHash_one_field[1117]===  歌单.txt || 歌单.txt

===20161219-193133,rop_GetHash_one_field[1117]===  Mon Dec 19 19:18:05 2016
 || Mon Dec 19 19:18:05 2016


===20161219-193133,rop_GetHash_one_field[1117]===  1500词.txt || 1500词.txt

===20161219-193133,rop_GetHash_one_field[1117]===  Mon Dec 19 19:17:58 2016
 || Mon Dec 19 19:17:58 2016


===20161219-193133,rop_GetHash_one_field[1117]===  张凯.jpg || 张凯.jpg

===20161219-193133,rop_GetHash_one_field[1117]===  Mon Dec 19 19:17:47 2016
 || Mon Dec 19 19:17:47 2016


===20161219-193133,rop_GetHash_one_field[1117]===  vim.jpg || vim.jpg

===20161219-193133,rop_GetHash_one_field[1117]===  Mon Dec 19 19:17:35 2016
 || Mon Dec 19 19:17:35 2016


===20161219-193136,rop_GetHash_one_field[1117]===  记录.txt || 记录.txt

===20161219-193136,rop_GetHash_one_field[1117]===  Mon Dec 19 19:18:12 2016
 || Mon Dec 19 19:18:12 2016


===20161219-193136,rop_GetHash_one_field[1117]===  歌单.txt || 歌单.txt

===20161219-193136,rop_GetHash_one_field[1117]===  Mon Dec 19 19:18:05 2016
 || Mon Dec 19 19:18:05 2016


===20161219-193136,rop_GetHash_one_field[1117]===  1500词.txt || 1500词.txt

===20161219-193136,rop_GetHash_one_field[1117]===  Mon Dec 19 19:17:58 2016
 || Mon Dec 19 19:17:58 2016


===20161219-193136,rop_GetHash_one_field[1117]===  张凯.jpg || 张凯.jpg

===20161219-193136,rop_GetHash_one_field[1117]===  Mon Dec 19 19:17:47 2016
 || Mon Dec 19 19:17:47 2016


===20161219-193136,rop_GetHash_one_field[1117]===  vim.jpg || vim.jpg

===20161219-193136,rop_GetHash_one_field[1117]===  Mon Dec 19 19:17:35 2016
 || Mon Dec 19 19:17:35 2016


===20161219-193141,rop_GetHash_one_field[1117]===  记录.txt || 记录.txt

===20161219-193141,rop_GetHash_one_field[1117]===  Mon Dec 19 19:18:12 2016
 || Mon Dec 19 19:18:12 2016


===20161219-193141,rop_GetHash_one_field[1117]===  歌单.txt || 歌单.txt

===20161219-193141,rop_GetHash_one_field[1117]===  Mon Dec 19 19:18:05 2016
 || Mon Dec 19 19:18:05 2016


===20161219-193141,rop_GetHash_one_field[1117]===  1500词.txt || 1500词.txt

===20161219-193141,rop_GetHash_one_field[1117]===  Mon Dec 19 19:17:58 2016
 || Mon Dec 19 19:17:58 2016


===20161219-193141,rop_GetHash_one_field[1117]===  张凯.jpg || 张凯.jpg

===20161219-193141,rop_GetHash_one_field[1117]===  Mon Dec 19 19:17:47 2016
 || Mon Dec 19 19:17:47 2016


===20161219-193141,rop_GetHash_one_field[1117]===  vim.jpg || vim.jpg

===20161219-193141,rop_GetHash_one_field[1117]===  Mon Dec 19 19:17:35 2016
 || Mon Dec 19 19:17:35 2016


===20161219-193147,rop_GetHash_one_field[1117]===  记录.txt || 记录.txt

===20161219-193147,rop_GetHash_one_field[1117]===  Mon Dec 19 19:18:12 2016
 || Mon Dec 19 19:18:12 2016


===20161219-193147,rop_GetHash_one_field[1117]===  歌单.txt || 歌单.txt

===20161219-193147,rop_GetHash_one_field[1117]===  Mon Dec 19 19:18:05 2016
 || Mon Dec 19 19:18:05 2016


===20161219-193147,rop_GetHash_one_field[1117]===  1500词.txt || 1500词.txt

===20161219-193147,rop_GetHash_one_field[1117]===  Mon Dec 19 19:17:58 2016
 || Mon Dec 19 19:17:58 2016


===20161219-193147,rop_GetHash_one_field[1117]===  张凯.jpg || 张凯.jpg

===20161219-193147,rop_GetHash_one_field[1117]===  Mon Dec 19 19:17:47 2016
 || Mon Dec 19 19:17:47 2016


===20161219-193147,rop_GetHash_one_field[1117]===  vim.jpg || vim.jpg

===20161219-193147,rop_GetHash_one_field[1117]===  Mon Dec 19 19:17:35 2016
 || Mon Dec 19 19:17:35 2016


===20161219-194254,rop_GetHash_one_field[1117]===  记录.txt || 记录.txt

===20161219-194254,rop_GetHash_one_field[1117]===  Mon Dec 19 19:18:12 2016
 || Mon Dec 19 19:18:12 2016


===20161219-194254,rop_GetHash_one_field[1117]===  歌单.txt || 歌单.txt

===20161219-194254,rop_GetHash_one_field[1117]===  Mon Dec 19 19:18:05 2016
 || Mon Dec 19 19:18:05 2016


===20161219-194254,rop_GetHash_one_field[1117]===  1500词.txt || 1500词.txt

===20161219-194254,rop_GetHash_one_field[1117]===  Mon Dec 19 19:17:58 2016
 || Mon Dec 19 19:17:58 2016


===20161219-194254,rop_GetHash_one_field[1117]===  张凯.jpg || 张凯.jpg

===20161219-194254,rop_GetHash_one_field[1117]===  Mon Dec 19 19:17:47 2016
 || Mon Dec 19 19:17:47 2016


===20161219-194254,rop_GetHash_one_field[1117]===  vim.jpg || vim.jpg

===20161219-194254,rop_GetHash_one_field[1117]===  Mon Dec 19 19:17:35 2016
 || Mon Dec 19 19:17:35 2016


===20161219-194304,rop_GetHash_one_field[1117]===  记录.txt || 记录.txt

===20161219-194304,rop_GetHash_one_field[1117]===  Mon Dec 19 19:18:12 2016
 || Mon Dec 19 19:18:12 2016


===20161219-194304,rop_GetHash_one_field[1117]===  歌单.txt || 歌单.txt

===20161219-194304,rop_GetHash_one_field[1117]===  Mon Dec 19 19:18:05 2016
 || Mon Dec 19 19:18:05 2016


===20161219-194304,rop_GetHash_one_field[1117]===  1500词.txt || 1500词.txt

===20161219-194304,rop_GetHash_one_field[1117]===  Mon Dec 19 19:17:58 2016
 || Mon Dec 19 19:17:58 2016


===20161219-194304,rop_GetHash_one_field[1117]===  张凯.jpg || 张凯.jpg

===20161219-194304,rop_GetHash_one_field[1117]===  Mon Dec 19 19:17:47 2016
 || Mon Dec 19 19:17:47 2016


===20161219-194304,rop_GetHash_one_field[1117]===  vim.jpg || vim.jpg

===20161219-194304,rop_GetHash_one_field[1117]===  Mon Dec 19 19:17:35 2016
 || Mon Dec 19 19:17:35 2016


===20161219-194309,rop_GetHash_one_field[1117]===  记录.txt || 记录.txt

===20161219-194309,rop_GetHash_one_field[1117]===  Mon Dec 19 19:18:12 2016
 || Mon Dec 19 19:18:12 2016


===20161219-194309,rop_GetHash_one_field[1117]===  歌单.txt || 歌单.txt

===20161219-194309,rop_GetHash_one_field[1117]===  Mon Dec 19 19:18:05 2016
 || Mon Dec 19 19:18:05 2016


===20161219-194309,rop_GetHash_one_field[1117]===  1500词.txt || 1500词.txt

===20161219-194309,rop_GetHash_one_field[1117]===  Mon Dec 19 19:17:58 2016
 || Mon Dec 19 19:17:58 2016


===20161219-194309,rop_GetHash_one_field[1117]===  张凯.jpg || 张凯.jpg

===20161219-194309,rop_GetHash_one_field[1117]===  Mon Dec 19 19:17:47 2016
 || Mon Dec 19 19:17:47 2016


===20161219-194309,rop_GetHash_one_field[1117]===  vim.jpg || vim.jpg

===20161219-194309,rop_GetHash_one_field[1117]===  Mon Dec 19 19:17:35 2016
 || Mon Dec 19 19:17:35 2016


